{"date":"Mon Mar 11 2024 12:55:04 GMT+0100 (West Africa Standard Time)","error":{"code":"MODULE_NOT_FOUND","requireStack":["/Users/mac/Projects/BlackHole/src/app.ts"]},"exception":true,"level":"error","message":"uncaughtException: Cannot find module 'dotenv'\nRequire stack:\n- /Users/mac/Projects/BlackHole/src/app.ts\nError: Cannot find module 'dotenv'\nRequire stack:\n- /Users/mac/Projects/BlackHole/src/app.ts\n    at Function.Module._resolveFilename (node:internal/modules/cjs/loader:1144:15)\n    at Function.Module._resolveFilename.sharedData.moduleResolveFilenameHook.installedValue [as _resolveFilename] (/Users/mac/Projects/BlackHole/node_modules/@cspotcode/source-map-support/source-map-support.js:811:30)\n    at Function.Module._load (node:internal/modules/cjs/loader:985:27)\n    at Module.require (node:internal/modules/cjs/loader:1235:19)\n    at require (node:internal/modules/helpers:176:18)\n    at Object.<anonymous> (/Users/mac/Projects/BlackHole/src/app.ts:3:1)\n    at Module._compile (node:internal/modules/cjs/loader:1376:14)\n    at Module.m._compile (/Users/mac/Projects/BlackHole/node_modules/ts-node/src/index.ts:1618:23)\n    at Module._extensions..js (node:internal/modules/cjs/loader:1435:10)\n    at Object.require.extensions.<computed> [as .ts] (/Users/mac/Projects/BlackHole/node_modules/ts-node/src/index.ts:1621:12)","os":{"loadavg":[5.2060546875,6.248046875,6.76708984375],"uptime":74986},"process":{"argv":["/Users/mac/Projects/BlackHole/node_modules/.bin/ts-node","/Users/mac/Projects/BlackHole/src/app.ts"],"cwd":"/Users/mac/Projects/BlackHole","execPath":"/usr/local/bin/node","gid":20,"memoryUsage":{"arrayBuffers":2357783,"external":5206426,"heapTotal":149168128,"heapUsed":117183976,"rss":197128192},"pid":26507,"uid":501,"version":"v20.11.1"},"stack":"Error: Cannot find module 'dotenv'\nRequire stack:\n- /Users/mac/Projects/BlackHole/src/app.ts\n    at Function.Module._resolveFilename (node:internal/modules/cjs/loader:1144:15)\n    at Function.Module._resolveFilename.sharedData.moduleResolveFilenameHook.installedValue [as _resolveFilename] (/Users/mac/Projects/BlackHole/node_modules/@cspotcode/source-map-support/source-map-support.js:811:30)\n    at Function.Module._load (node:internal/modules/cjs/loader:985:27)\n    at Module.require (node:internal/modules/cjs/loader:1235:19)\n    at require (node:internal/modules/helpers:176:18)\n    at Object.<anonymous> (/Users/mac/Projects/BlackHole/src/app.ts:3:1)\n    at Module._compile (node:internal/modules/cjs/loader:1376:14)\n    at Module.m._compile (/Users/mac/Projects/BlackHole/node_modules/ts-node/src/index.ts:1618:23)\n    at Module._extensions..js (node:internal/modules/cjs/loader:1435:10)\n    at Object.require.extensions.<computed> [as .ts] (/Users/mac/Projects/BlackHole/node_modules/ts-node/src/index.ts:1621:12)","trace":[{"column":15,"file":"node:internal/modules/cjs/loader","function":"Module._resolveFilename","line":1144,"method":"_resolveFilename","native":false},{"column":30,"file":"/Users/mac/Projects/BlackHole/node_modules/@cspotcode/source-map-support/source-map-support.js","function":"Module._resolveFilename.sharedData.moduleResolveFilenameHook.installedValue [as _resolveFilename]","line":811,"method":"installedValue [as _resolveFilename]","native":false},{"column":27,"file":"node:internal/modules/cjs/loader","function":"Module._load","line":985,"method":"_load","native":false},{"column":19,"file":"node:internal/modules/cjs/loader","function":"Module.require","line":1235,"method":"require","native":false},{"column":18,"file":"node:internal/modules/helpers","function":"require","line":176,"method":null,"native":false},{"column":1,"file":"/Users/mac/Projects/BlackHole/src/app.ts","function":null,"line":3,"method":null,"native":false},{"column":14,"file":"node:internal/modules/cjs/loader","function":"Module._compile","line":1376,"method":"_compile","native":false},{"column":23,"file":"/Users/mac/Projects/BlackHole/node_modules/ts-node/src/index.ts","function":"Module.m._compile","line":1618,"method":"_compile","native":false},{"column":10,"file":"node:internal/modules/cjs/loader","function":"Module._extensions..js","line":1435,"method":".js","native":false},{"column":12,"file":"/Users/mac/Projects/BlackHole/node_modules/ts-node/src/index.ts","function":"Object.require.extensions.<computed> [as .ts]","line":1621,"method":"ts]","native":false}]}
{"date":"Mon Mar 11 2024 12:56:08 GMT+0100 (West Africa Standard Time)","error":{"code":"MODULE_NOT_FOUND","requireStack":["/Users/mac/Projects/BlackHole/src/app.ts"]},"exception":true,"level":"error","message":"uncaughtException: Cannot find module 'dotenv'\nRequire stack:\n- /Users/mac/Projects/BlackHole/src/app.ts\nError: Cannot find module 'dotenv'\nRequire stack:\n- /Users/mac/Projects/BlackHole/src/app.ts\n    at Function.Module._resolveFilename (node:internal/modules/cjs/loader:1144:15)\n    at Function.Module._resolveFilename.sharedData.moduleResolveFilenameHook.installedValue [as _resolveFilename] (/Users/mac/Projects/BlackHole/node_modules/@cspotcode/source-map-support/source-map-support.js:811:30)\n    at Function.Module._load (node:internal/modules/cjs/loader:985:27)\n    at Module.require (node:internal/modules/cjs/loader:1235:19)\n    at require (node:internal/modules/helpers:176:18)\n    at Object.<anonymous> (/Users/mac/Projects/BlackHole/src/app.ts:3:1)\n    at Module._compile (node:internal/modules/cjs/loader:1376:14)\n    at Module.m._compile (/Users/mac/Projects/BlackHole/node_modules/ts-node/src/index.ts:1618:23)\n    at Module._extensions..js (node:internal/modules/cjs/loader:1435:10)\n    at Object.require.extensions.<computed> [as .ts] (/Users/mac/Projects/BlackHole/node_modules/ts-node/src/index.ts:1621:12)","os":{"loadavg":[6.19189453125,6.48681640625,6.83056640625],"uptime":75050},"process":{"argv":["/Users/mac/Projects/BlackHole/node_modules/.bin/ts-node","/Users/mac/Projects/BlackHole/src/app.ts"],"cwd":"/Users/mac/Projects/BlackHole","execPath":"/usr/local/bin/node","gid":20,"memoryUsage":{"arrayBuffers":2357839,"external":5206482,"heapTotal":146284544,"heapUsed":115912528,"rss":194134016},"pid":27173,"uid":501,"version":"v20.11.1"},"stack":"Error: Cannot find module 'dotenv'\nRequire stack:\n- /Users/mac/Projects/BlackHole/src/app.ts\n    at Function.Module._resolveFilename (node:internal/modules/cjs/loader:1144:15)\n    at Function.Module._resolveFilename.sharedData.moduleResolveFilenameHook.installedValue [as _resolveFilename] (/Users/mac/Projects/BlackHole/node_modules/@cspotcode/source-map-support/source-map-support.js:811:30)\n    at Function.Module._load (node:internal/modules/cjs/loader:985:27)\n    at Module.require (node:internal/modules/cjs/loader:1235:19)\n    at require (node:internal/modules/helpers:176:18)\n    at Object.<anonymous> (/Users/mac/Projects/BlackHole/src/app.ts:3:1)\n    at Module._compile (node:internal/modules/cjs/loader:1376:14)\n    at Module.m._compile (/Users/mac/Projects/BlackHole/node_modules/ts-node/src/index.ts:1618:23)\n    at Module._extensions..js (node:internal/modules/cjs/loader:1435:10)\n    at Object.require.extensions.<computed> [as .ts] (/Users/mac/Projects/BlackHole/node_modules/ts-node/src/index.ts:1621:12)","trace":[{"column":15,"file":"node:internal/modules/cjs/loader","function":"Module._resolveFilename","line":1144,"method":"_resolveFilename","native":false},{"column":30,"file":"/Users/mac/Projects/BlackHole/node_modules/@cspotcode/source-map-support/source-map-support.js","function":"Module._resolveFilename.sharedData.moduleResolveFilenameHook.installedValue [as _resolveFilename]","line":811,"method":"installedValue [as _resolveFilename]","native":false},{"column":27,"file":"node:internal/modules/cjs/loader","function":"Module._load","line":985,"method":"_load","native":false},{"column":19,"file":"node:internal/modules/cjs/loader","function":"Module.require","line":1235,"method":"require","native":false},{"column":18,"file":"node:internal/modules/helpers","function":"require","line":176,"method":null,"native":false},{"column":1,"file":"/Users/mac/Projects/BlackHole/src/app.ts","function":null,"line":3,"method":null,"native":false},{"column":14,"file":"node:internal/modules/cjs/loader","function":"Module._compile","line":1376,"method":"_compile","native":false},{"column":23,"file":"/Users/mac/Projects/BlackHole/node_modules/ts-node/src/index.ts","function":"Module.m._compile","line":1618,"method":"_compile","native":false},{"column":10,"file":"node:internal/modules/cjs/loader","function":"Module._extensions..js","line":1435,"method":".js","native":false},{"column":12,"file":"/Users/mac/Projects/BlackHole/node_modules/ts-node/src/index.ts","function":"Object.require.extensions.<computed> [as .ts]","line":1621,"method":"ts]","native":false}]}
{"level":"info","message":"Server running at PORT: 3000"}
{"level":"info","message":"Server running at PORT: undefined"}
{"level":"info","message":"Server running at PORT: undefined"}
{"level":"info","message":"Server running at PORT: undefined"}
{"level":"info","message":"Server running at PORT: undefined"}
{"level":"info","message":"Server running at PORT: undefined"}
{"level":"info","message":"Server running at PORT: undefined"}
{"level":"info","message":"Server running at PORT: undefined"}
{"level":"info","message":"Server running at PORT: 3010"}
{"level":"info","message":"Server running at PORT: 3010"}
{"level":"info","message":"Server running at PORT: 3010"}
{"level":"info","message":"Server running at PORT: 3010"}
{"level":"info","message":"Server running at PORT: 3010"}
{"level":"info","message":"Server running at PORT: 3010"}
{"level":"info","message":"Server running at PORT: 3010"}
{"level":"info","message":"Server running at PORT: 3010"}
{"level":"info","message":"Server running at PORT: 3010"}
{"level":"info","message":"Server running at PORT: 3010"}
{"level":"info","message":"Server running at PORT: 4231"}
{"level":"info","message":"Server running at PORT: 4231"}
{"level":"info","message":"Server running at PORT: 4231"}
{"level":"info","message":"Server running at PORT: 4231"}
{"level":"info","message":"Server running at PORT: 4231"}
{"level":"info","message":"Server running at PORT: 4231"}
{"level":"info","message":"Server running at PORT: 4231"}
{"level":"info","message":"Server running at PORT: 4231"}
{"level":"info","message":"Server running at PORT: 4231"}
{"level":"info","message":"Server running at PORT: 4231"}
{"level":"info","message":"Server running at PORT: 4231"}
{"level":"info","message":"Server running at PORT: 4231"}
{"level":"info","message":"Server running at PORT: 4231"}
{"level":"info","message":"Server running at PORT: 4231"}
{"level":"info","message":"Server running at PORT: 4231"}
{"level":"info","message":"Server running at PORT: 4231"}
{"level":"info","message":"Server running at PORT: 4231"}
{"level":"info","message":"Server running at PORT: 4231"}
{"level":"info","message":"Server running at PORT: 4231"}
{"level":"info","message":"Server running at PORT: 4231"}
{"level":"info","message":"Server running at PORT: 4231"}
{"level":"info","message":"Server running at PORT: 4231"}
{"level":"info","message":"Server running at PORT: 4231"}
{"level":"info","message":"Server running at PORT: 4231"}
{"level":"info","message":"Server running at PORT: 4231"}
{"level":"info","message":"Server running at PORT: 4231"}
{"level":"info","message":"Server running at PORT: 4231"}
{"level":"info","message":"Server running at PORT: 4231"}
{"level":"info","message":"Server running at PORT: 4231"}
{"level":"info","message":"Server running at PORT: 4231"}
{"level":"info","message":"Server running at PORT: 4231"}
{"level":"info","message":"Server running at PORT: 4231"}
{"level":"info","message":"Server running at PORT: 4231"}
{"level":"info","message":"Server running at PORT: 4231"}
{"level":"info","message":"Server running at PORT: 4231"}
{"level":"info","message":"Server running at PORT: 4231"}
{"level":"info","message":"Server running at PORT: 4231"}
{"level":"info","message":"Server running at PORT: 4231"}
{"level":"info","message":"Server running at PORT: 4231"}
{"level":"info","message":"Server running at PORT: 4231"}
{"level":"info","message":"Server running at PORT: 4231"}
{"level":"info","message":"Server running at PORT: 4231"}
{"level":"info","message":"Server running at PORT: 4231"}
{"level":"info","message":"Server running at PORT: 4231"}
{"level":"info","message":"Server running at PORT: 4231"}
{"level":"info","message":"Server running at PORT: 4231"}
{"level":"info","message":"Server running at PORT: 4231"}
{"level":"info","message":"Server running at PORT: 4231"}
{"level":"info","message":"Server running at PORT: 4231"}
{"level":"info","message":"Server running at PORT: 4231"}
{"level":"info","message":"Server running at PORT: 4231"}
{"level":"info","message":"Server running at PORT: 4231"}
{"level":"info","message":"Server running at PORT: 4231"}
{"level":"info","message":"Server running at PORT: 4231"}
{"level":"info","message":"Server running at PORT: 4231"}
{"level":"info","message":"Server running at PORT: 4231"}
{"level":"info","message":"Server running at PORT: 4231"}
{"level":"info","message":"Server running at PORT: 4231"}
{"level":"info","message":"Server running at PORT: 4231"}
{"level":"info","message":"Server running at PORT: 4231"}
{"level":"info","message":"Server running at PORT: 4231"}
{"level":"info","message":"Server running at PORT: 4231"}
{"level":"info","message":"Server running at PORT: 4231"}
{"level":"info","message":"Server running at PORT: 4231"}
{"level":"info","message":"Server running at PORT: 4231"}
{"level":"info","message":"Server running at PORT: 4231"}
{"level":"info","message":"Server running at PORT: 4231"}
{"level":"info","message":"Server running at PORT: 4231"}
{"level":"info","message":"Server running at PORT: 4231"}
{"level":"info","message":"Server running at PORT: 4231"}
{"level":"info","message":"Server running at PORT: 4231"}
{"level":"info","message":"Server running at PORT: 4231"}
{"level":"info","message":"Server running at PORT: 4231"}
{"level":"info","message":"Server running at PORT: 4231"}
{"level":"info","message":"Server running at PORT: 4231"}
{"level":"info","message":"Server running at PORT: 4231"}
{"level":"info","message":"Server running at PORT: 4231"}
{"level":"info","message":"Server running at PORT: 4231"}
{"level":"info","message":"Server running at PORT: 4231"}
{"level":"info","message":"Server running at PORT: 4231"}
{"level":"info","message":"Server running at PORT: 4231"}
{"level":"info","message":"Server running at PORT: 4231"}
{"level":"info","message":"Server running at PORT: 4231"}
{"level":"info","message":"Server running at PORT: 4231"}
{"level":"info","message":"Server running at PORT: 4231"}
{"level":"info","message":"Server running at PORT: 4231"}
{"level":"info","message":"Server running at PORT: 4231"}
{"level":"info","message":"Server running at PORT: 4231"}
{"level":"info","message":"Server running at PORT: 4231"}
{"level":"info","message":"Server running at PORT: 4231"}
{"level":"info","message":"Server running at PORT: 4231"}
{"level":"info","message":"Server running at PORT: 4231"}
{"level":"info","message":"Server running at PORT: 4231"}
{"level":"info","message":"Server running at PORT: 4231"}
{"level":"info","message":"Server running at PORT: 4231"}
{"level":"info","message":"Server running at PORT: 4231"}
{"level":"info","message":"Server running at PORT: 4231"}
{"level":"info","message":"Server running at PORT: 4231"}
{"level":"info","message":"Server running at PORT: 4231"}
{"level":"info","message":"Server running at PORT: 4231"}
{"level":"info","message":"Server running at PORT: 4231"}
{"level":"info","message":"Server running at PORT: 4231"}
{"level":"info","message":"Server running at PORT: 4231"}
{"level":"info","message":"Server running at PORT: 4231"}
{"level":"info","message":"Server running at PORT: 4231"}
{"level":"info","message":"Server running at PORT: 4231"}
{"level":"info","message":"Server running at PORT: 4231"}
{"level":"info","message":"Server running at PORT: 4231"}
{"level":"info","message":"Server running at PORT: 4231"}
{"level":"info","message":"Server running at PORT: 4231"}
{"level":"info","message":"Server running at PORT: 4231"}
{"level":"info","message":"Server running at PORT: 4231"}
{"level":"info","message":"Server running at PORT: 4231"}
{"level":"info","message":"Server running at PORT: 4231"}
{"level":"info","message":"Server running at PORT: 4231"}
{"level":"info","message":"Server running at PORT: 4231"}
{"level":"info","message":"Server running at PORT: 4231"}
{"level":"info","message":"Server running at PORT: 4231"}
{"level":"info","message":"Server running at PORT: 4231"}
{"level":"info","message":"Server running at PORT: 4231"}
{"level":"info","message":"Server running at PORT: 4231"}
{"level":"info","message":"Server running at PORT: 4231"}
{"level":"info","message":"Server running at PORT: 4231"}
{"level":"info","message":"Server running at PORT: 4231"}
{"level":"info","message":"Server running at PORT: 4231"}
{"level":"info","message":"Server running at PORT: 4231"}
{"level":"info","message":"Server running at PORT: 4231"}
{"level":"info","message":"Server running at PORT: 4231"}
{"level":"info","message":"Server running at PORT: 4231"}
{"level":"info","message":"Server running at PORT: 4231"}
{"level":"info","message":"Server running at PORT: 4231"}
{"level":"info","message":"Server running at PORT: 4231"}
{"level":"info","message":"Server running at PORT: 4231"}
{"level":"info","message":"Server running at PORT: 4231"}
{"level":"info","message":"Server running at PORT: 4231"}
{"level":"info","message":"Server running at PORT: 4231"}
{"level":"info","message":"Server running at PORT: 4231"}
{"level":"info","message":"Server running at PORT: 4231"}
{"level":"info","message":"Server running at PORT: 4231"}
{"level":"info","message":"Server running at PORT: 4231"}
{"level":"info","message":"Server running at PORT: 4231"}
{"level":"info","message":"Server running at PORT: 4231"}
{"level":"info","message":"Server running at PORT: 4231"}
{"level":"info","message":"Server running at PORT: 4231"}
{"level":"info","message":"Server running at PORT: 4231"}
{"level":"info","message":"Server running at PORT: 4231"}
{"level":"info","message":"Server running at PORT: 4231"}
{"level":"info","message":"Server running at PORT: 4231"}
{"level":"info","message":"Server running at PORT: 4231"}
{"level":"info","message":"Server running at PORT: 4231"}
{"level":"info","message":"Server running at PORT: 4231"}
{"level":"info","message":"Server running at PORT: 4231"}
{"level":"info","message":"Server running at PORT: 4231"}
{"level":"info","message":"Server running at PORT: 4231"}
{"level":"info","message":"Server running at PORT: 4231"}
{"level":"info","message":"Server running at PORT: 4231"}
{"level":"info","message":"Server running at PORT: 4231"}
{"level":"info","message":"Server running at PORT: 4231"}
{"level":"info","message":"Server running at PORT: 4231"}
{"level":"info","message":"Server running at PORT: 4231"}
{"level":"info","message":"Server running at PORT: 4231"}
{"level":"info","message":"Server running at PORT: 4231"}
{"level":"info","message":"Server running at PORT: 4231"}
{"level":"info","message":"Server running at PORT: 4231"}
{"level":"info","message":"Server running at PORT: 4231"}
{"level":"info","message":"Server running at PORT: 4231"}
{"level":"info","message":"Server running at PORT: 4231"}
{"level":"info","message":"Server running at PORT: 4231"}
{"level":"info","message":"Server running at PORT: 4231"}
{"level":"info","message":"Server running at PORT: 4231"}
{"level":"info","message":"Server running at PORT: 4231"}
{"level":"info","message":"Server running at PORT: 4231"}
{"level":"info","message":"Server running at PORT: 4231"}
{"level":"info","message":"Server running at PORT: 4231"}
{"level":"info","message":"Server running at PORT: 4231"}
{"level":"info","message":"Server running at PORT: 4231"}
{"level":"info","message":"Server running at PORT: 4231"}
{"level":"info","message":"Server running at PORT: 4231"}
{"level":"info","message":"Server running at PORT: 4231"}
{"level":"info","message":"Server running at PORT: 4231"}
{"level":"info","message":"Server running at PORT: 4231"}
{"level":"info","message":"Server running at PORT: 4231"}
{"level":"info","message":"Server running at PORT: 4231"}
{"level":"info","message":"Server running at PORT: 4231"}
{"level":"info","message":"Server running at PORT: 4231"}
{"level":"info","message":"Server running at PORT: 4231"}
{"level":"info","message":"Server running at PORT: 4231"}
{"level":"info","message":"Server running at PORT: 4231"}
{"level":"info","message":"Server running at PORT: 4231"}
{"level":"info","message":"Server running at PORT: 4231"}
{"level":"info","message":"Server running at PORT: 4231"}
{"level":"info","message":"Server running at PORT: 4231"}
{"level":"info","message":"Server running at PORT: 4231"}
{"level":"info","message":"Server running at PORT: 4231"}
{"level":"info","message":"Server running at PORT: 4231"}
{"level":"info","message":"Server running at PORT: 4231"}
{"level":"info","message":"Server running at PORT: 4231"}
{"level":"info","message":"Server running at PORT: 4231"}
{"level":"info","message":"Server running at PORT: 4231"}
{"level":"info","message":"Server running at PORT: 4231"}
{"level":"info","message":"Server running at PORT: 4231"}
{"level":"info","message":"Server running at PORT: 4231"}
{"level":"info","message":"Server running at PORT: 4231"}
{"level":"info","message":"Server running at PORT: 4231"}
{"level":"info","message":"Server running at PORT: 4231"}
{"level":"info","message":"Server running at PORT: 4231"}
{"level":"info","message":"Server running at PORT: 4231"}
{"level":"info","message":"Server running at PORT: 4231"}
{"level":"info","message":"Server running at PORT: 4231"}
{"level":"info","message":"Server running at PORT: 4231"}
{"level":"info","message":"Server running at PORT: 4231"}
{"level":"info","message":"Server running at PORT: 4231"}
{"level":"info","message":"Server running at PORT: 4231"}
{"level":"info","message":"Server running at PORT: 4231"}
{"level":"info","message":"Server running at PORT: 4231"}
{"level":"info","message":"Server running at PORT: 4231"}
{"level":"info","message":"Server running at PORT: 4231"}
{"level":"info","message":"Server running at PORT: 4231"}
{"level":"info","message":"Server running at PORT: 4231"}
{"level":"info","message":"Server running at PORT: 4231"}
{"level":"info","message":"Server running at PORT: 4231"}
{"level":"info","message":"Server running at PORT: 4231"}
{"level":"info","message":"Server running at PORT: 4231"}
{"level":"info","message":"Server running at PORT: 4231"}
{"level":"info","message":"Server running at PORT: 4231"}
{"level":"info","message":"Server running at PORT: 4231"}
{"level":"info","message":"Server running at PORT: 4231"}
{"date":"Wed Mar 13 2024 13:12:48 GMT+0100 (West Africa Standard Time)","error":{"address":"::","code":"EADDRINUSE","errno":-48,"port":4231,"syscall":"listen"},"exception":true,"level":"error","message":"uncaughtException: listen EADDRINUSE: address already in use :::4231\nError: listen EADDRINUSE: address already in use :::4231\n    at Server.setupListenHandle [as _listen2] (node:net:1872:16)\n    at listenInCluster (node:net:1920:12)\n    at Server.listen (node:net:2008:7)\n    at Function.listen (/Users/mac/Projects/BlackHole/node_modules/express/lib/application.js:635:24)\n    at Object.<anonymous> (/Users/mac/Projects/BlackHole/src/app.ts:11:5)\n    at Module._compile (node:internal/modules/cjs/loader:1376:14)\n    at Module.m._compile (/Users/mac/Projects/BlackHole/node_modules/ts-node/src/index.ts:1618:23)\n    at Module._extensions..js (node:internal/modules/cjs/loader:1435:10)\n    at Object.require.extensions.<computed> [as .ts] (/Users/mac/Projects/BlackHole/node_modules/ts-node/src/index.ts:1621:12)\n    at Module.load (node:internal/modules/cjs/loader:1207:32)","os":{"loadavg":[7.90771484375,10.376953125,11.595703125],"uptime":248843},"process":{"argv":["/Users/mac/Projects/BlackHole/node_modules/.bin/ts-node","/Users/mac/Projects/BlackHole/src/app.ts"],"cwd":"/Users/mac/Projects/BlackHole","execPath":"/usr/local/bin/node","gid":20,"memoryUsage":{"arrayBuffers":2365887,"external":5233021,"heapTotal":154148864,"heapUsed":124000728,"rss":204705792},"pid":43589,"uid":501,"version":"v20.11.1"},"stack":"Error: listen EADDRINUSE: address already in use :::4231\n    at Server.setupListenHandle [as _listen2] (node:net:1872:16)\n    at listenInCluster (node:net:1920:12)\n    at Server.listen (node:net:2008:7)\n    at Function.listen (/Users/mac/Projects/BlackHole/node_modules/express/lib/application.js:635:24)\n    at Object.<anonymous> (/Users/mac/Projects/BlackHole/src/app.ts:11:5)\n    at Module._compile (node:internal/modules/cjs/loader:1376:14)\n    at Module.m._compile (/Users/mac/Projects/BlackHole/node_modules/ts-node/src/index.ts:1618:23)\n    at Module._extensions..js (node:internal/modules/cjs/loader:1435:10)\n    at Object.require.extensions.<computed> [as .ts] (/Users/mac/Projects/BlackHole/node_modules/ts-node/src/index.ts:1621:12)\n    at Module.load (node:internal/modules/cjs/loader:1207:32)","trace":[{"column":16,"file":"node:net","function":"Server.setupListenHandle [as _listen2]","line":1872,"method":"setupListenHandle [as _listen2]","native":false},{"column":12,"file":"node:net","function":"listenInCluster","line":1920,"method":null,"native":false},{"column":7,"file":"node:net","function":"Server.listen","line":2008,"method":"listen","native":false},{"column":24,"file":"/Users/mac/Projects/BlackHole/node_modules/express/lib/application.js","function":"Function.listen","line":635,"method":"listen","native":false},{"column":5,"file":"/Users/mac/Projects/BlackHole/src/app.ts","function":null,"line":11,"method":null,"native":false},{"column":14,"file":"node:internal/modules/cjs/loader","function":"Module._compile","line":1376,"method":"_compile","native":false},{"column":23,"file":"/Users/mac/Projects/BlackHole/node_modules/ts-node/src/index.ts","function":"Module.m._compile","line":1618,"method":"_compile","native":false},{"column":10,"file":"node:internal/modules/cjs/loader","function":"Module._extensions..js","line":1435,"method":".js","native":false},{"column":12,"file":"/Users/mac/Projects/BlackHole/node_modules/ts-node/src/index.ts","function":"Object.require.extensions.<computed> [as .ts]","line":1621,"method":"ts]","native":false},{"column":32,"file":"node:internal/modules/cjs/loader","function":"Module.load","line":1207,"method":"load","native":false}]}
{"date":"Wed Mar 13 2024 13:16:07 GMT+0100 (West Africa Standard Time)","error":{"address":"::","code":"EADDRINUSE","errno":-48,"port":4231,"syscall":"listen"},"exception":true,"level":"error","message":"uncaughtException: listen EADDRINUSE: address already in use :::4231\nError: listen EADDRINUSE: address already in use :::4231\n    at Server.setupListenHandle [as _listen2] (node:net:1872:16)\n    at listenInCluster (node:net:1920:12)\n    at Server.listen (node:net:2008:7)\n    at Function.listen (/Users/mac/Projects/BlackHole/node_modules/express/lib/application.js:635:24)\n    at Object.<anonymous> (/Users/mac/Projects/BlackHole/src/app.ts:11:5)\n    at Module._compile (node:internal/modules/cjs/loader:1376:14)\n    at Module.m._compile (/Users/mac/Projects/BlackHole/node_modules/ts-node/src/index.ts:1618:23)\n    at Module._extensions..js (node:internal/modules/cjs/loader:1435:10)\n    at Object.require.extensions.<computed> [as .ts] (/Users/mac/Projects/BlackHole/node_modules/ts-node/src/index.ts:1621:12)\n    at Module.load (node:internal/modules/cjs/loader:1207:32)","os":{"loadavg":[7.7490234375,8.95458984375,10.755859375],"uptime":249042},"process":{"argv":["/Users/mac/Projects/BlackHole/node_modules/.bin/ts-node","/Users/mac/Projects/BlackHole/src/app.ts"],"cwd":"/Users/mac/Projects/BlackHole","execPath":"/usr/local/bin/node","gid":20,"memoryUsage":{"arrayBuffers":2365951,"external":5233085,"heapTotal":148905984,"heapUsed":125979864,"rss":202485760},"pid":45291,"uid":501,"version":"v20.11.1"},"stack":"Error: listen EADDRINUSE: address already in use :::4231\n    at Server.setupListenHandle [as _listen2] (node:net:1872:16)\n    at listenInCluster (node:net:1920:12)\n    at Server.listen (node:net:2008:7)\n    at Function.listen (/Users/mac/Projects/BlackHole/node_modules/express/lib/application.js:635:24)\n    at Object.<anonymous> (/Users/mac/Projects/BlackHole/src/app.ts:11:5)\n    at Module._compile (node:internal/modules/cjs/loader:1376:14)\n    at Module.m._compile (/Users/mac/Projects/BlackHole/node_modules/ts-node/src/index.ts:1618:23)\n    at Module._extensions..js (node:internal/modules/cjs/loader:1435:10)\n    at Object.require.extensions.<computed> [as .ts] (/Users/mac/Projects/BlackHole/node_modules/ts-node/src/index.ts:1621:12)\n    at Module.load (node:internal/modules/cjs/loader:1207:32)","trace":[{"column":16,"file":"node:net","function":"Server.setupListenHandle [as _listen2]","line":1872,"method":"setupListenHandle [as _listen2]","native":false},{"column":12,"file":"node:net","function":"listenInCluster","line":1920,"method":null,"native":false},{"column":7,"file":"node:net","function":"Server.listen","line":2008,"method":"listen","native":false},{"column":24,"file":"/Users/mac/Projects/BlackHole/node_modules/express/lib/application.js","function":"Function.listen","line":635,"method":"listen","native":false},{"column":5,"file":"/Users/mac/Projects/BlackHole/src/app.ts","function":null,"line":11,"method":null,"native":false},{"column":14,"file":"node:internal/modules/cjs/loader","function":"Module._compile","line":1376,"method":"_compile","native":false},{"column":23,"file":"/Users/mac/Projects/BlackHole/node_modules/ts-node/src/index.ts","function":"Module.m._compile","line":1618,"method":"_compile","native":false},{"column":10,"file":"node:internal/modules/cjs/loader","function":"Module._extensions..js","line":1435,"method":".js","native":false},{"column":12,"file":"/Users/mac/Projects/BlackHole/node_modules/ts-node/src/index.ts","function":"Object.require.extensions.<computed> [as .ts]","line":1621,"method":"ts]","native":false},{"column":32,"file":"node:internal/modules/cjs/loader","function":"Module.load","line":1207,"method":"load","native":false}]}
{"level":"info","message":"Server is running at PORT: 4231"}
{"level":"info","message":"Server running at PORT: 4201"}
{"date":"Wed Mar 13 2024 13:16:55 GMT+0100 (West Africa Standard Time)","error":{"address":"::","code":"EADDRINUSE","errno":-48,"port":4201,"syscall":"listen"},"exception":true,"level":"error","message":"uncaughtException: listen EADDRINUSE: address already in use :::4201\nError: listen EADDRINUSE: address already in use :::4201\n    at Server.setupListenHandle [as _listen2] (node:net:1872:16)\n    at listenInCluster (node:net:1920:12)\n    at Server.listen (node:net:2008:7)\n    at Function.listen (/Users/mac/Projects/BlackHole/node_modules/express/lib/application.js:635:24)\n    at Object.<anonymous> (/Users/mac/Projects/BlackHole/src/app.ts:11:5)\n    at Module._compile (node:internal/modules/cjs/loader:1376:14)\n    at Module.m._compile (/Users/mac/Projects/BlackHole/node_modules/ts-node/src/index.ts:1618:23)\n    at Module._extensions..js (node:internal/modules/cjs/loader:1435:10)\n    at Object.require.extensions.<computed> [as .ts] (/Users/mac/Projects/BlackHole/node_modules/ts-node/src/index.ts:1621:12)\n    at Module.load (node:internal/modules/cjs/loader:1207:32)","os":{"loadavg":[7.87060546875,8.7783203125,10.58544921875],"uptime":249090},"process":{"argv":["/Users/mac/Projects/BlackHole/node_modules/.bin/ts-node","/Users/mac/Projects/BlackHole/src/app.ts"],"cwd":"/Users/mac/Projects/BlackHole","execPath":"/usr/local/bin/node","gid":20,"memoryUsage":{"arrayBuffers":2365999,"external":5233133,"heapTotal":148905984,"heapUsed":125978328,"rss":201244672},"pid":45779,"uid":501,"version":"v20.11.1"},"stack":"Error: listen EADDRINUSE: address already in use :::4201\n    at Server.setupListenHandle [as _listen2] (node:net:1872:16)\n    at listenInCluster (node:net:1920:12)\n    at Server.listen (node:net:2008:7)\n    at Function.listen (/Users/mac/Projects/BlackHole/node_modules/express/lib/application.js:635:24)\n    at Object.<anonymous> (/Users/mac/Projects/BlackHole/src/app.ts:11:5)\n    at Module._compile (node:internal/modules/cjs/loader:1376:14)\n    at Module.m._compile (/Users/mac/Projects/BlackHole/node_modules/ts-node/src/index.ts:1618:23)\n    at Module._extensions..js (node:internal/modules/cjs/loader:1435:10)\n    at Object.require.extensions.<computed> [as .ts] (/Users/mac/Projects/BlackHole/node_modules/ts-node/src/index.ts:1621:12)\n    at Module.load (node:internal/modules/cjs/loader:1207:32)","trace":[{"column":16,"file":"node:net","function":"Server.setupListenHandle [as _listen2]","line":1872,"method":"setupListenHandle [as _listen2]","native":false},{"column":12,"file":"node:net","function":"listenInCluster","line":1920,"method":null,"native":false},{"column":7,"file":"node:net","function":"Server.listen","line":2008,"method":"listen","native":false},{"column":24,"file":"/Users/mac/Projects/BlackHole/node_modules/express/lib/application.js","function":"Function.listen","line":635,"method":"listen","native":false},{"column":5,"file":"/Users/mac/Projects/BlackHole/src/app.ts","function":null,"line":11,"method":null,"native":false},{"column":14,"file":"node:internal/modules/cjs/loader","function":"Module._compile","line":1376,"method":"_compile","native":false},{"column":23,"file":"/Users/mac/Projects/BlackHole/node_modules/ts-node/src/index.ts","function":"Module.m._compile","line":1618,"method":"_compile","native":false},{"column":10,"file":"node:internal/modules/cjs/loader","function":"Module._extensions..js","line":1435,"method":".js","native":false},{"column":12,"file":"/Users/mac/Projects/BlackHole/node_modules/ts-node/src/index.ts","function":"Object.require.extensions.<computed> [as .ts]","line":1621,"method":"ts]","native":false},{"column":32,"file":"node:internal/modules/cjs/loader","function":"Module.load","line":1207,"method":"load","native":false}]}
{"level":"info","message":"Server running at PORT: 4201"}
{"date":"Wed Mar 13 2024 13:24:31 GMT+0100 (West Africa Standard Time)","error":{"address":"::","code":"EADDRINUSE","errno":-48,"port":4201,"syscall":"listen"},"exception":true,"level":"error","message":"uncaughtException: listen EADDRINUSE: address already in use :::4201\nError: listen EADDRINUSE: address already in use :::4201\n    at Server.setupListenHandle [as _listen2] (node:net:1872:16)\n    at listenInCluster (node:net:1920:12)\n    at Server.listen (node:net:2008:7)\n    at Function.listen (/Users/mac/Projects/BlackHole/node_modules/express/lib/application.js:635:24)\n    at Object.<anonymous> (/Users/mac/Projects/BlackHole/src/app.ts:11:5)\n    at Module._compile (node:internal/modules/cjs/loader:1376:14)\n    at Module.m._compile (/Users/mac/Projects/BlackHole/node_modules/ts-node/src/index.ts:1618:23)\n    at Module._extensions..js (node:internal/modules/cjs/loader:1435:10)\n    at Object.require.extensions.<computed> [as .ts] (/Users/mac/Projects/BlackHole/node_modules/ts-node/src/index.ts:1621:12)\n    at Module.load (node:internal/modules/cjs/loader:1207:32)","os":{"loadavg":[7.9833984375,6.13916015625,8.29443359375],"uptime":249546},"process":{"argv":["/Users/mac/Projects/BlackHole/node_modules/.bin/ts-node","/Users/mac/Projects/BlackHole/src/app.ts"],"cwd":"/Users/mac/Projects/BlackHole","execPath":"/usr/local/bin/node","gid":20,"memoryUsage":{"arrayBuffers":2365855,"external":5232989,"heapTotal":148381696,"heapUsed":125986584,"rss":201207808},"pid":49816,"uid":501,"version":"v20.11.1"},"stack":"Error: listen EADDRINUSE: address already in use :::4201\n    at Server.setupListenHandle [as _listen2] (node:net:1872:16)\n    at listenInCluster (node:net:1920:12)\n    at Server.listen (node:net:2008:7)\n    at Function.listen (/Users/mac/Projects/BlackHole/node_modules/express/lib/application.js:635:24)\n    at Object.<anonymous> (/Users/mac/Projects/BlackHole/src/app.ts:11:5)\n    at Module._compile (node:internal/modules/cjs/loader:1376:14)\n    at Module.m._compile (/Users/mac/Projects/BlackHole/node_modules/ts-node/src/index.ts:1618:23)\n    at Module._extensions..js (node:internal/modules/cjs/loader:1435:10)\n    at Object.require.extensions.<computed> [as .ts] (/Users/mac/Projects/BlackHole/node_modules/ts-node/src/index.ts:1621:12)\n    at Module.load (node:internal/modules/cjs/loader:1207:32)","trace":[{"column":16,"file":"node:net","function":"Server.setupListenHandle [as _listen2]","line":1872,"method":"setupListenHandle [as _listen2]","native":false},{"column":12,"file":"node:net","function":"listenInCluster","line":1920,"method":null,"native":false},{"column":7,"file":"node:net","function":"Server.listen","line":2008,"method":"listen","native":false},{"column":24,"file":"/Users/mac/Projects/BlackHole/node_modules/express/lib/application.js","function":"Function.listen","line":635,"method":"listen","native":false},{"column":5,"file":"/Users/mac/Projects/BlackHole/src/app.ts","function":null,"line":11,"method":null,"native":false},{"column":14,"file":"node:internal/modules/cjs/loader","function":"Module._compile","line":1376,"method":"_compile","native":false},{"column":23,"file":"/Users/mac/Projects/BlackHole/node_modules/ts-node/src/index.ts","function":"Module.m._compile","line":1618,"method":"_compile","native":false},{"column":10,"file":"node:internal/modules/cjs/loader","function":"Module._extensions..js","line":1435,"method":".js","native":false},{"column":12,"file":"/Users/mac/Projects/BlackHole/node_modules/ts-node/src/index.ts","function":"Object.require.extensions.<computed> [as .ts]","line":1621,"method":"ts]","native":false},{"column":32,"file":"node:internal/modules/cjs/loader","function":"Module.load","line":1207,"method":"load","native":false}]}
